<?xml version="1.0" encoding="UTF-8"?>
<!-- Generated by org.testng.reporters.JUnitXMLReporter -->
<testsuite ignored="0" hostname="DESKTOP-HVPBQHH" failures="0" tests="2" name="Orange HRM Application Test Cases" time="0.409" errors="0" timestamp="2021-11-23T12:33:24 PKT">
  <testcase classname="com.hrm.qa.test_cases.LoginPageTest" name="@BeforeMethod setUp" time="0.021">
    <failure type="java.lang.NullPointerException" message="Cannot invoke &amp;quot;String.equals(Object)&amp;quot; because &amp;quot;browserName&amp;quot; is null">
      <![CDATA[java.lang.NullPointerException: Cannot invoke "String.equals(Object)" because "browserName" is null
at com.hrm.qa.base.TestBase.initialization(TestBase.java:174)
at com.hrm.qa.test_cases.LoginPageTest.setUp(LoginPageTest.java:36)
at java.base/java.util.ArrayList.forEach(ArrayList.java:1511)
... Removed 31 stack frames]]>
    </failure>
  </testcase> <!-- @BeforeMethod setUp -->
  <testcase classname="com.hrm.qa.test_cases.LoginPageTest" name="@AfterMethod tearDown" time="-1.63765280479E9">
    <skipped/>
  </testcase> <!-- @AfterMethod tearDown -->
  <testcase classname="com.hrm.qa.test_cases.LoginPageTest" name="@BeforeMethod setUp" time="-1.637652804799E9">
    <skipped/>
  </testcase> <!-- @BeforeMethod setUp -->
  <testcase classname="com.hrm.qa.test_cases.LoginPageTest" name="@AfterMethod tearDown" time="-1.637652804813E9">
    <skipped/>
  </testcase> <!-- @AfterMethod tearDown -->
  <testcase classname="com.hrm.qa.test_cases.LoginPageTest" name="loginPageTitleTest" time="0.0">
    <skipped/>
  </testcase> <!-- loginPageTitleTest -->
  <testcase classname="com.hrm.qa.test_cases.LoginPageTest" name="loginTest" time="0.0">
    <skipped/>
  </testcase> <!-- loginTest -->
</testsuite> <!-- Orange HRM Application Test Cases -->
